1  0.0697  0.0000    +0.0697  +43139101
2  0.2185  0.0002    +0.1488  +92145124
3  0.4620  0.0004    +0.2435  +150776034
4  0.5112  0.0005    +0.0492  +30448360
5  0.6069  0.0006    +0.0957  +59254769
6  0.6199  0.0007    +0.0131  +8084609
7  0.6293  0.0035    +0.0094  +5799629
8  0.7254  0.0042    +0.0961  +59481210
9  0.8819  0.0064    +0.1566  +96935372
10  0.9076  0.0078    +0.0257  +15921010
11  0.9175  0.0098    +0.0098  +6096134
12  0.9292  0.0167    +0.0118  +7278664
13  0.9442  0.0368    +0.0149  +9250045
14  0.9591  0.4732    +0.0150  +9257553
15  0.9655  0.5262    +0.0064  +3988734
16  0.9720  0.5342    +0.0065  +4007296
17  0.9792  0.5408    +0.0071  +4426847
18  0.9808  0.5568    +0.0016  +1004944
19  0.9827  0.6451    +0.0019  +1170362
20  0.9841  0.8356    +0.0014  +858782
21  0.9846  0.8498    +0.0005  +306912
22  0.9876  0.8908    +0.0031  +1908619
23  0.9880  0.8966    +0.0004  +245742
24  0.9882  0.9005    +0.0001  +75831
25  0.9900  0.9012    +0.0018  +1126122
26  0.9908  0.9202    +0.0008  +499873
27  0.9913  0.9207    +0.0005  +324220
28  0.9917  0.9352    +0.0004  +223067
29  0.9920  0.9366    +0.0003  +205974
30  0.9928  0.9411    +0.0008  +510117
31  0.9933  0.9414    +0.0005  +316124
32  0.9934  0.9416    +0.0001  +46431
33  0.9958  0.9422    +0.0024  +1489045
34  0.9970  0.9427    +0.0012  +713958
35  0.9978  0.9441    +0.0008  +490014
36  0.9979  0.9447    +0.0002  +102975
37  0.9981  0.9609    +0.0002  +124699
38  0.9982  0.9616    +0.0000  +8145
39  0.9982  0.9620    +0.0000  +2761
40  0.9985  0.9620    +0.0004  +236606
41  0.9985  0.9620    +0.0000  +6079
42  0.9986  0.9621    +0.0000  +15793
43  0.9987  0.9626    +0.0001  +77891
44  0.9987  0.9627    +0.0000  +868
45  0.9987  0.9628    +0.0000  +4639
46  0.9987  0.9632    +0.0000  +2850
47  0.9988  0.9632    +0.0001  +70208
48  0.9988  0.9632    +0.0000  +4387
49  0.9989  0.9636    +0.0000  +28016
50  0.9991  0.9652    +0.0002  +146498
51  0.9991  0.9653    +0.0000  +4740
52  0.9991  0.9653    +0.0000  +120
53  0.9991  0.9664    +0.0000  +1599
54  0.9991  0.9667    +0.0000  +8888
55  0.9991  0.9721    +0.0000  +117
56  0.9991  0.9731    +0.0000  +3381
57  0.9991  0.9763    +0.0000  +180
58  0.9991  0.9763    +0.0000  +34
59  0.9992  0.9766    +0.0000  +5002
60  0.9992  0.9783    +0.0000  +2756
61  0.9992  0.9790    +0.0000  +4
62  0.9992  0.9793    +0.0000  +718
63  0.9992  0.9793    +0.0000  +17332
64  0.9992  0.9796    +0.0000  +31
65  0.9997  0.9806    +0.0006  +348137
66  0.9997  0.9842    +0.0000  +215
67  0.9998  0.9844    +0.0000  +13945
68  1.0000  0.9850    +0.0002  +114957
69  1.0000  0.9875    +0.0000  +11665
70  1.0000  0.9876    +0.0000  +5205
71  1.0000  0.9877    +0.0000  +6
72  1.0000  0.9877    +0.0000  +21
74  1.0000  0.9894    +0.0000  +17
75  1.0000  0.9895    +0.0000  +268
76  1.0000  0.9901    +0.0000  +14
78  1.0000  0.9902    +0.0000  +9366
79  1.0000  0.9913    +0.0000  +20
84  1.0000  0.9915    +0.0000  +2
85  1.0000  0.9920    +0.0000  +14
86  1.0000  0.9951    +0.0000  +2
88  1.0000  0.9952    +0.0000  +12
91  1.0000  0.9959    +0.0000  +6
92  1.0000  0.9959    +0.0000  +2
93  1.0000  0.9959    +0.0000  +3
94  1.0000  0.9959    +0.0000  +2
95  1.0000  0.9959    +0.0000  +2
97  1.0000  0.9959    +0.0000  +4
100  1.0000  0.9959    +0.0000  +4
101  1.0000  0.9960    +0.0000  +6
103  1.0000  0.9960    +0.0000  +3
104  1.0000  0.9960    +0.0000  +10
107  1.0000  0.9960    +0.0000  +2
108  1.0000  0.9960    +0.0000  +2
112  1.0000  0.9960    +0.0000  +1
113  1.0000  0.9960    +0.0000  +2
114  1.0000  0.9961    +0.0000  +1
116  1.0000  0.9961    +0.0000  +2
117  1.0000  0.9961    +0.0000  +12
119  1.0000  0.9961    +0.0000  +2
120  1.0000  0.9961    +0.0000  +4
122  1.0000  0.9961    +0.0000  +8
124  1.0000  0.9961    +0.0000  +1
132  1.0000  0.9961    +0.0000  +1
138  1.0000  0.9961    +0.0000  +2
157  1.0000  0.9961    +0.0000  +4
175  1.0000  0.9961    +0.0000  +1
177  1.0000  0.9961    +0.0000  +8
181  1.0000  0.9961    +0.0000  +1
183  1.0000  0.9961    +0.0000  +6
185  1.0000  0.9961    +0.0000  +16
191  1.0000  0.9961    +0.0000  +6
195  1.0000  0.9961    +0.0000  +4
200  1.0000  0.9961    +0.0000  +2
201  1.0000  0.9961    +0.0000  +8
202  1.0000  0.9961    +0.0000  +6
207  1.0000  0.9961    +0.0000  +4
210  1.0000  0.9961    +0.0000  +1
220  1.0000  0.9961    +0.0000  +1
230  1.0000  0.9961    +0.0000  +5
231  1.0000  0.9961    +0.0000  +1
255  1.0000  0.9961    +0.0000  +1
256  1.0000  0.9961    +0.0000  +1
267  1.0000  0.9961    +0.0000  +1
268  1.0000  0.9961    +0.0000  +1
